2024-04-12 20:17:27,451:WARNING:
'cuml' is a soft dependency and not included in the pycaret installation. Please run: `pip install cuml` to install.
2024-04-12 20:17:27,451:WARNING:
'cuml' is a soft dependency and not included in the pycaret installation. Please run: `pip install cuml` to install.
2024-04-12 20:17:27,451:WARNING:
'cuml' is a soft dependency and not included in the pycaret installation. Please run: `pip install cuml` to install.
2024-04-12 20:17:27,451:WARNING:
'cuml' is a soft dependency and not included in the pycaret installation. Please run: `pip install cuml` to install.
2024-04-12 20:17:27,787:INFO:PyCaret RegressionExperiment
2024-04-12 20:17:27,787:INFO:Logging name: reg-default-name
2024-04-12 20:17:27,787:INFO:ML Usecase: MLUsecase.REGRESSION
2024-04-12 20:17:27,787:INFO:version 3.3.0
2024-04-12 20:17:27,787:INFO:Initializing setup()
2024-04-12 20:17:27,787:INFO:self.USI: f039
2024-04-12 20:17:27,787:INFO:self._variable_keys: {'y_test', 'X_test', 'data', 'html_param', 'target_param', 'pipeline', 'memory', 'gpu_param', '_ml_usecase', '_available_plots', 'X', 'y_train', 'fold_generator', 'USI', 'X_train', 'y', 'logging_param', 'seed', 'transform_target_param', 'exp_id', 'idx', 'n_jobs_param', 'fold_groups_param', 'fold_shuffle_param', 'gpu_n_jobs_param', 'log_plots_param', 'exp_name_log'}
2024-04-12 20:17:27,787:INFO:Checking environment
2024-04-12 20:17:27,787:INFO:python_version: 3.11.8
2024-04-12 20:17:27,787:INFO:python_build: ('tags/v3.11.8:db85d51', 'Feb  6 2024 22:03:32')
2024-04-12 20:17:27,787:INFO:machine: AMD64
2024-04-12 20:17:27,787:INFO:platform: Windows-10-10.0.22631-SP0
2024-04-12 20:17:27,794:INFO:Memory: svmem(total=16494133248, available=6869037056, percent=58.4, used=9625096192, free=6869037056)
2024-04-12 20:17:27,795:INFO:Physical Core: 6
2024-04-12 20:17:27,795:INFO:Logical Core: 6
2024-04-12 20:17:27,795:INFO:Checking libraries
2024-04-12 20:17:27,795:INFO:System:
2024-04-12 20:17:27,795:INFO:    python: 3.11.8 (tags/v3.11.8:db85d51, Feb  6 2024, 22:03:32) [MSC v.1937 64 bit (AMD64)]
2024-04-12 20:17:27,795:INFO:executable: c:\Users\wsand\AppData\Local\Programs\Python\Python311\python.exe
2024-04-12 20:17:27,795:INFO:   machine: Windows-10-10.0.22631-SP0
2024-04-12 20:17:27,795:INFO:PyCaret required dependencies:
2024-04-12 20:17:27,992:INFO:                 pip: 24.0
2024-04-12 20:17:27,992:INFO:          setuptools: 65.5.0
2024-04-12 20:17:27,992:INFO:             pycaret: 3.3.0
2024-04-12 20:17:27,992:INFO:             IPython: 8.22.2
2024-04-12 20:17:27,992:INFO:          ipywidgets: 7.8.1
2024-04-12 20:17:27,992:INFO:                tqdm: 4.66.2
2024-04-12 20:17:27,992:INFO:               numpy: 1.25.2
2024-04-12 20:17:27,992:INFO:              pandas: 2.1.4
2024-04-12 20:17:27,992:INFO:              jinja2: 3.1.3
2024-04-12 20:17:27,992:INFO:               scipy: 1.11.4
2024-04-12 20:17:27,992:INFO:              joblib: 1.3.2
2024-04-12 20:17:27,992:INFO:             sklearn: 1.4.1.post1
2024-04-12 20:17:27,992:INFO:                pyod: 1.1.3
2024-04-12 20:17:27,992:INFO:            imblearn: 0.12.0
2024-04-12 20:17:27,992:INFO:   category_encoders: 2.6.3
2024-04-12 20:17:27,992:INFO:            lightgbm: 4.3.0
2024-04-12 20:17:27,992:INFO:               numba: 0.58.1
2024-04-12 20:17:27,993:INFO:            requests: 2.31.0
2024-04-12 20:17:27,993:INFO:          matplotlib: 3.7.5
2024-04-12 20:17:27,993:INFO:          scikitplot: 0.3.7
2024-04-12 20:17:27,993:INFO:         yellowbrick: 1.5
2024-04-12 20:17:27,993:INFO:              plotly: 5.20.0
2024-04-12 20:17:27,993:INFO:    plotly-resampler: Not installed
2024-04-12 20:17:27,993:INFO:             kaleido: 0.2.1
2024-04-12 20:17:27,993:INFO:           schemdraw: 0.15
2024-04-12 20:17:27,993:INFO:         statsmodels: 0.14.1
2024-04-12 20:17:27,993:INFO:              sktime: 0.27.0
2024-04-12 20:17:27,993:INFO:               tbats: 1.1.3
2024-04-12 20:17:27,993:INFO:            pmdarima: 2.0.4
2024-04-12 20:17:27,993:INFO:              psutil: 5.9.8
2024-04-12 20:17:27,993:INFO:          markupsafe: 2.1.5
2024-04-12 20:17:27,993:INFO:             pickle5: Not installed
2024-04-12 20:17:27,993:INFO:         cloudpickle: 3.0.0
2024-04-12 20:17:27,994:INFO:         deprecation: 2.1.0
2024-04-12 20:17:27,994:INFO:              xxhash: 3.4.1
2024-04-12 20:17:27,994:INFO:           wurlitzer: Not installed
2024-04-12 20:17:27,994:INFO:PyCaret optional dependencies:
2024-04-12 20:17:28,009:INFO:                shap: 0.45.0
2024-04-12 20:17:28,009:INFO:           interpret: Not installed
2024-04-12 20:17:28,009:INFO:                umap: Not installed
2024-04-12 20:17:28,009:INFO:     ydata_profiling: 4.6.5
2024-04-12 20:17:28,009:INFO:  explainerdashboard: Not installed
2024-04-12 20:17:28,009:INFO:             autoviz: Not installed
2024-04-12 20:17:28,009:INFO:           fairlearn: Not installed
2024-04-12 20:17:28,009:INFO:          deepchecks: Not installed
2024-04-12 20:17:28,009:INFO:             xgboost: Not installed
2024-04-12 20:17:28,009:INFO:            catboost: Not installed
2024-04-12 20:17:28,009:INFO:              kmodes: 0.12.2
2024-04-12 20:17:28,009:INFO:             mlxtend: Not installed
2024-04-12 20:17:28,009:INFO:       statsforecast: Not installed
2024-04-12 20:17:28,009:INFO:        tune_sklearn: Not installed
2024-04-12 20:17:28,009:INFO:                 ray: Not installed
2024-04-12 20:17:28,009:INFO:            hyperopt: Not installed
2024-04-12 20:17:28,009:INFO:              optuna: 3.4.0
2024-04-12 20:17:28,009:INFO:               skopt: Not installed
2024-04-12 20:17:28,009:INFO:              mlflow: Not installed
2024-04-12 20:17:28,009:INFO:              gradio: Not installed
2024-04-12 20:17:28,009:INFO:             fastapi: Not installed
2024-04-12 20:17:28,009:INFO:             uvicorn: Not installed
2024-04-12 20:17:28,009:INFO:              m2cgen: Not installed
2024-04-12 20:17:28,009:INFO:           evidently: Not installed
2024-04-12 20:17:28,009:INFO:               fugue: Not installed
2024-04-12 20:17:28,009:INFO:           streamlit: Not installed
2024-04-12 20:17:28,009:INFO:             prophet: Not installed
2024-04-12 20:17:28,010:INFO:None
2024-04-12 20:17:28,010:INFO:Set up data.
2024-04-12 20:17:28,014:INFO:Set up folding strategy.
2024-04-12 20:17:28,014:INFO:Set up train/test split.
2024-04-12 20:17:28,038:INFO:Set up index.
2024-04-12 20:17:28,038:INFO:Assigning column types.
2024-04-12 20:17:28,042:INFO:Engine successfully changes for model 'lr' to 'sklearn'.
2024-04-12 20:17:28,042:INFO:Engine for model 'lasso' has not been set explicitly, hence returning None.
2024-04-12 20:17:28,047:INFO:Engine for model 'ridge' has not been set explicitly, hence returning None.
2024-04-12 20:17:28,051:INFO:Engine for model 'en' has not been set explicitly, hence returning None.
2024-04-12 20:17:28,122:INFO:Engine for model 'svm' has not been set explicitly, hence returning None.
2024-04-12 20:17:28,177:INFO:Engine for model 'knn' has not been set explicitly, hence returning None.
2024-04-12 20:17:28,178:WARNING:
'xgboost' is a soft dependency and not included in the pycaret installation. Please run: `pip install xgboost` to install.
Alternately, you can install this by running `pip install pycaret[models]`
2024-04-12 20:17:28,178:WARNING:
'catboost' is a soft dependency and not included in the pycaret installation. Please run: `pip install catboost` to install.
Alternately, you can install this by running `pip install pycaret[models]`
2024-04-12 20:17:28,179:INFO:Engine for model 'lasso' has not been set explicitly, hence returning None.
2024-04-12 20:17:28,183:INFO:Engine for model 'ridge' has not been set explicitly, hence returning None.
2024-04-12 20:17:28,189:INFO:Engine for model 'en' has not been set explicitly, hence returning None.
2024-04-12 20:17:28,257:INFO:Engine for model 'svm' has not been set explicitly, hence returning None.
2024-04-12 20:17:28,309:INFO:Engine for model 'knn' has not been set explicitly, hence returning None.
2024-04-12 20:17:28,310:WARNING:
'xgboost' is a soft dependency and not included in the pycaret installation. Please run: `pip install xgboost` to install.
Alternately, you can install this by running `pip install pycaret[models]`
2024-04-12 20:17:28,310:WARNING:
'catboost' is a soft dependency and not included in the pycaret installation. Please run: `pip install catboost` to install.
Alternately, you can install this by running `pip install pycaret[models]`
2024-04-12 20:17:28,310:INFO:Engine successfully changes for model 'lasso' to 'sklearn'.
2024-04-12 20:17:28,316:INFO:Engine for model 'ridge' has not been set explicitly, hence returning None.
2024-04-12 20:17:28,322:INFO:Engine for model 'en' has not been set explicitly, hence returning None.
2024-04-12 20:17:28,391:INFO:Engine for model 'svm' has not been set explicitly, hence returning None.
2024-04-12 20:17:28,442:INFO:Engine for model 'knn' has not been set explicitly, hence returning None.
2024-04-12 20:17:28,442:WARNING:
'xgboost' is a soft dependency and not included in the pycaret installation. Please run: `pip install xgboost` to install.
Alternately, you can install this by running `pip install pycaret[models]`
2024-04-12 20:17:28,442:WARNING:
'catboost' is a soft dependency and not included in the pycaret installation. Please run: `pip install catboost` to install.
Alternately, you can install this by running `pip install pycaret[models]`
2024-04-12 20:17:28,449:INFO:Engine for model 'ridge' has not been set explicitly, hence returning None.
2024-04-12 20:17:28,453:INFO:Engine for model 'en' has not been set explicitly, hence returning None.
2024-04-12 20:17:28,518:INFO:Engine for model 'svm' has not been set explicitly, hence returning None.
2024-04-12 20:17:28,571:INFO:Engine for model 'knn' has not been set explicitly, hence returning None.
2024-04-12 20:17:28,572:WARNING:
'xgboost' is a soft dependency and not included in the pycaret installation. Please run: `pip install xgboost` to install.
Alternately, you can install this by running `pip install pycaret[models]`
2024-04-12 20:17:28,573:WARNING:
'catboost' is a soft dependency and not included in the pycaret installation. Please run: `pip install catboost` to install.
Alternately, you can install this by running `pip install pycaret[models]`
2024-04-12 20:17:28,573:INFO:Engine successfully changes for model 'ridge' to 'sklearn'.
2024-04-12 20:17:28,583:INFO:Engine for model 'en' has not been set explicitly, hence returning None.
2024-04-12 20:17:28,645:INFO:Engine for model 'svm' has not been set explicitly, hence returning None.
2024-04-12 20:17:28,696:INFO:Engine for model 'knn' has not been set explicitly, hence returning None.
2024-04-12 20:17:28,697:WARNING:
'xgboost' is a soft dependency and not included in the pycaret installation. Please run: `pip install xgboost` to install.
Alternately, you can install this by running `pip install pycaret[models]`
2024-04-12 20:17:28,697:WARNING:
'catboost' is a soft dependency and not included in the pycaret installation. Please run: `pip install catboost` to install.
Alternately, you can install this by running `pip install pycaret[models]`
2024-04-12 20:17:28,705:INFO:Engine for model 'en' has not been set explicitly, hence returning None.
2024-04-12 20:17:28,771:INFO:Engine for model 'svm' has not been set explicitly, hence returning None.
2024-04-12 20:17:28,821:INFO:Engine for model 'knn' has not been set explicitly, hence returning None.
2024-04-12 20:17:28,821:WARNING:
'xgboost' is a soft dependency and not included in the pycaret installation. Please run: `pip install xgboost` to install.
Alternately, you can install this by running `pip install pycaret[models]`
2024-04-12 20:17:28,821:WARNING:
'catboost' is a soft dependency and not included in the pycaret installation. Please run: `pip install catboost` to install.
Alternately, you can install this by running `pip install pycaret[models]`
2024-04-12 20:17:28,822:INFO:Engine successfully changes for model 'en' to 'sklearn'.
2024-04-12 20:17:28,913:INFO:Engine for model 'svm' has not been set explicitly, hence returning None.
2024-04-12 20:17:29,086:INFO:Engine for model 'knn' has not been set explicitly, hence returning None.
2024-04-12 20:17:29,087:WARNING:
'xgboost' is a soft dependency and not included in the pycaret installation. Please run: `pip install xgboost` to install.
Alternately, you can install this by running `pip install pycaret[models]`
2024-04-12 20:17:29,087:WARNING:
'catboost' is a soft dependency and not included in the pycaret installation. Please run: `pip install catboost` to install.
Alternately, you can install this by running `pip install pycaret[models]`
2024-04-12 20:17:29,167:INFO:Engine for model 'svm' has not been set explicitly, hence returning None.
2024-04-12 20:17:29,230:INFO:Engine for model 'knn' has not been set explicitly, hence returning None.
2024-04-12 20:17:29,230:WARNING:
'xgboost' is a soft dependency and not included in the pycaret installation. Please run: `pip install xgboost` to install.
Alternately, you can install this by running `pip install pycaret[models]`
2024-04-12 20:17:29,231:WARNING:
'catboost' is a soft dependency and not included in the pycaret installation. Please run: `pip install catboost` to install.
Alternately, you can install this by running `pip install pycaret[models]`
2024-04-12 20:17:29,231:INFO:Engine successfully changes for model 'knn' to 'sklearn'.
2024-04-12 20:17:29,312:INFO:Engine for model 'svm' has not been set explicitly, hence returning None.
2024-04-12 20:17:29,365:WARNING:
'xgboost' is a soft dependency and not included in the pycaret installation. Please run: `pip install xgboost` to install.
Alternately, you can install this by running `pip install pycaret[models]`
2024-04-12 20:17:29,366:WARNING:
'catboost' is a soft dependency and not included in the pycaret installation. Please run: `pip install catboost` to install.
Alternately, you can install this by running `pip install pycaret[models]`
2024-04-12 20:17:29,440:INFO:Engine for model 'svm' has not been set explicitly, hence returning None.
2024-04-12 20:17:29,490:WARNING:
'xgboost' is a soft dependency and not included in the pycaret installation. Please run: `pip install xgboost` to install.
Alternately, you can install this by running `pip install pycaret[models]`
2024-04-12 20:17:29,490:WARNING:
'catboost' is a soft dependency and not included in the pycaret installation. Please run: `pip install catboost` to install.
Alternately, you can install this by running `pip install pycaret[models]`
2024-04-12 20:17:29,490:INFO:Engine successfully changes for model 'svm' to 'sklearn'.
2024-04-12 20:17:29,621:WARNING:
'xgboost' is a soft dependency and not included in the pycaret installation. Please run: `pip install xgboost` to install.
Alternately, you can install this by running `pip install pycaret[models]`
2024-04-12 20:17:29,621:WARNING:
'catboost' is a soft dependency and not included in the pycaret installation. Please run: `pip install catboost` to install.
Alternately, you can install this by running `pip install pycaret[models]`
2024-04-12 20:17:29,747:WARNING:
'xgboost' is a soft dependency and not included in the pycaret installation. Please run: `pip install xgboost` to install.
Alternately, you can install this by running `pip install pycaret[models]`
2024-04-12 20:17:29,747:WARNING:
'catboost' is a soft dependency and not included in the pycaret installation. Please run: `pip install catboost` to install.
Alternately, you can install this by running `pip install pycaret[models]`
2024-04-12 20:17:29,749:INFO:Preparing preprocessing pipeline...
2024-04-12 20:17:29,749:INFO:Set up simple imputation.
2024-04-12 20:17:29,756:INFO:Set up encoding of ordinal features.
2024-04-12 20:17:29,757:INFO:Set up encoding of categorical features.
2024-04-12 20:19:02,427:WARNING:c:\Users\wsand\AppData\Local\Programs\Python\Python311\Lib\site-packages\sklearn\utils\validation.py:1300: DataConversionWarning: A column-vector y was passed when a 1d array was expected. Please change the shape of y to (n_samples, ), for example using ravel().
  y = column_or_1d(y, warn=True)

2024-04-12 20:19:02,550:WARNING:c:\Users\wsand\AppData\Local\Programs\Python\Python311\Lib\site-packages\sklearn\base.py:493: UserWarning: X does not have valid feature names, but LogisticRegression was fitted with feature names
  warnings.warn(

2024-04-12 20:19:54,107:WARNING:c:\Users\wsand\AppData\Local\Programs\Python\Python311\Lib\site-packages\sklearn\utils\validation.py:1300: DataConversionWarning: A column-vector y was passed when a 1d array was expected. Please change the shape of y to (n_samples, ), for example using ravel().
  y = column_or_1d(y, warn=True)

2024-04-12 20:19:54,149:WARNING:c:\Users\wsand\AppData\Local\Programs\Python\Python311\Lib\site-packages\sklearn\base.py:493: UserWarning: X does not have valid feature names, but LogisticRegression was fitted with feature names
  warnings.warn(

2024-04-12 20:21:42,075:WARNING:c:\Users\wsand\AppData\Local\Programs\Python\Python311\Lib\site-packages\seaborn\_oldcore.py:1119: FutureWarning: use_inf_as_na option is deprecated and will be removed in a future version. Convert inf values to NaN before operating instead.
  with pd.option_context('mode.use_inf_as_na', True):

2024-04-12 20:21:42,773:WARNING:c:\Users\wsand\AppData\Local\Programs\Python\Python311\Lib\site-packages\sklearn\metrics\_regression.py:483: FutureWarning: 'squared' is deprecated in version 1.4 and will be removed in 1.6. To calculate the root mean squared error, use the function'root_mean_squared_error'.
  warnings.warn(

2024-04-12 20:21:43,583:WARNING:C:\Users\wsand\AppData\Local\Temp\ipykernel_15412\616901120.py:2: SettingWithCopyWarning: 
A value is trying to be set on a copy of a slice from a DataFrame

See the caveats in the documentation: https://pandas.pydata.org/pandas-docs/stable/user_guide/indexing.html#returning-a-view-versus-a-copy
  datos5['marea'][2245] = 57

2024-04-12 20:21:43,584:WARNING:C:\Users\wsand\AppData\Local\Temp\ipykernel_15412\616901120.py:3: SettingWithCopyWarning: 
A value is trying to be set on a copy of a slice from a DataFrame

See the caveats in the documentation: https://pandas.pydata.org/pandas-docs/stable/user_guide/indexing.html#returning-a-view-versus-a-copy
  datos5['marea_log10'][2245] = np.log10(57)

2024-04-12 20:21:43,724:WARNING:c:\Users\wsand\AppData\Local\Programs\Python\Python311\Lib\site-packages\seaborn\_oldcore.py:1119: FutureWarning: use_inf_as_na option is deprecated and will be removed in a future version. Convert inf values to NaN before operating instead.
  with pd.option_context('mode.use_inf_as_na', True):

2024-04-12 20:21:44,378:WARNING:c:\Users\wsand\AppData\Local\Programs\Python\Python311\Lib\site-packages\sklearn\metrics\_regression.py:483: FutureWarning: 'squared' is deprecated in version 1.4 and will be removed in 1.6. To calculate the root mean squared error, use the function'root_mean_squared_error'.
  warnings.warn(

2024-04-12 20:21:45,177:WARNING:c:\Users\wsand\AppData\Local\Programs\Python\Python311\Lib\site-packages\sklearn\utils\validation.py:1300: DataConversionWarning: A column-vector y was passed when a 1d array was expected. Please change the shape of y to (n_samples, ), for example using ravel().
  y = column_or_1d(y, warn=True)

2024-04-12 20:21:45,344:WARNING:c:\Users\wsand\AppData\Local\Programs\Python\Python311\Lib\site-packages\sklearn\base.py:493: UserWarning: X does not have valid feature names, but LogisticRegression was fitted with feature names
  warnings.warn(

2024-04-12 20:21:45,753:WARNING:c:\Users\wsand\AppData\Local\Programs\Python\Python311\Lib\site-packages\sklearn\utils\validation.py:1300: DataConversionWarning: A column-vector y was passed when a 1d array was expected. Please change the shape of y to (n_samples, ), for example using ravel().
  y = column_or_1d(y, warn=True)

2024-04-12 20:21:45,806:WARNING:c:\Users\wsand\AppData\Local\Programs\Python\Python311\Lib\site-packages\sklearn\base.py:493: UserWarning: X does not have valid feature names, but LogisticRegression was fitted with feature names
  warnings.warn(

